<?xml version="1.0" encoding="UTF-8"?>
<!-- Generated by org.testng.reporters.JUnitXMLReporter -->
<testsuite ignored="0" hostname="DESKTOP-RNJB7OP" failures="0" tests="1" name="ChromeTest" time="2.01" errors="0" timestamp="2022-05-27T13:50:30 IST">
  <testcase classname="Opencart_TestClass.VerificationOfApplication" name="@BeforeTest launchBrowser" time="1.907">
    <failure type="org.openqa.selenium.SessionNotCreatedException" message="session not created: This version of ChromeDriver only supports Chrome version 100
Current browser version is 102.0.5005.62 with binary path C:\Program Files\Google\Chrome\Application\chrome.exe
Build info: version: &amp;apos;3.141.59&amp;apos;, revision: &amp;apos;e82be7d358&amp;apos;, time: &amp;apos;2018-11-14T08:17:03&amp;apos;
System info: host: &amp;apos;DESKTOP-RNJB7OP&amp;apos;, ip: &amp;apos;192.168.43.36&amp;apos;, os.name: &amp;apos;Windows 11&amp;apos;, os.arch: &amp;apos;amd64&amp;apos;, os.version: &amp;apos;10.0&amp;apos;, java.version: &amp;apos;17.0.2&amp;apos;
Driver info: driver.version: ChromeDriver
remote stacktrace: Backtrace:
	Ordinal0 [0x00C57413+2389011]
	Ordinal0 [0x00BE9F61+1941345]
	Ordinal0 [0x00ADC658+837208]
	Ordinal0 [0x00AFC773+968563]
	Ordinal0 [0x00AF837A+951162]
	Ordinal0 [0x00AF5C51+941137]
	Ordinal0 [0x00B28C80+1150080]
	Ordinal0 [0x00B288DA+1149146]
	Ordinal0 [0x00B23F66+1130342]
	Ordinal0 [0x00AFE546+976198]
	Ordinal0 [0x00AFF456+980054]
	GetHandleVerifier [0x00E09632+1727522]
	GetHandleVerifier [0x00EBBA4D+2457661]
	GetHandleVerifier [0x00CEEB81+569713]
	GetHandleVerifier [0x00CEDD76+566118]
	Ordinal0 [0x00BF0B2B+1968939]
	Ordinal0 [0x00BF5988+1989000]
	Ordinal0 [0x00BF5A75+1989237]
	Ordinal0 [0x00BFECB1+2026673]
	BaseThreadInitThunk [0x762F6739+25]
	RtlGetFullPathName_UEx [0x777C8FEF+1215]
	RtlGetFullPathName_UEx [0x777C8FBD+1165]
">
      <![CDATA[org.openqa.selenium.SessionNotCreatedException: session not created: This version of ChromeDriver only supports Chrome version 100
Current browser version is 102.0.5005.62 with binary path C:\Program Files\Google\Chrome\Application\chrome.exe
Build info: version: '3.141.59', revision: 'e82be7d358', time: '2018-11-14T08:17:03'
System info: host: 'DESKTOP-RNJB7OP', ip: '192.168.43.36', os.name: 'Windows 11', os.arch: 'amd64', os.version: '10.0', java.version: '17.0.2'
Driver info: driver.version: ChromeDriver
remote stacktrace: Backtrace:
Ordinal0 [0x00C57413+2389011]
Ordinal0 [0x00BE9F61+1941345]
Ordinal0 [0x00ADC658+837208]
Ordinal0 [0x00AFC773+968563]
Ordinal0 [0x00AF837A+951162]
Ordinal0 [0x00AF5C51+941137]
Ordinal0 [0x00B28C80+1150080]
Ordinal0 [0x00B288DA+1149146]
Ordinal0 [0x00B23F66+1130342]
Ordinal0 [0x00AFE546+976198]
Ordinal0 [0x00AFF456+980054]
GetHandleVerifier [0x00E09632+1727522]
GetHandleVerifier [0x00EBBA4D+2457661]
GetHandleVerifier [0x00CEEB81+569713]
GetHandleVerifier [0x00CEDD76+566118]
Ordinal0 [0x00BF0B2B+1968939]
Ordinal0 [0x00BF5988+1989000]
Ordinal0 [0x00BF5A75+1989237]
Ordinal0 [0x00BFECB1+2026673]
BaseThreadInitThunk [0x762F6739+25]
RtlGetFullPathName_UEx [0x777C8FEF+1215]
RtlGetFullPathName_UEx [0x777C8FBD+1165]

at org.openqa.selenium.remote.W3CHandshakeResponse.lambda$errorHandler$0(W3CHandshakeResponse.java:62)
at org.openqa.selenium.remote.HandshakeResponse.lambda$getResponseFunction$0(HandshakeResponse.java:30)
at org.openqa.selenium.remote.ProtocolHandshake.lambda$createSession$0(ProtocolHandshake.java:126)
at java.base/java.util.stream.ReferencePipeline$3$1.accept(ReferencePipeline.java:197)
at java.base/java.util.Spliterators$ArraySpliterator.tryAdvance(Spliterators.java:1002)
at java.base/java.util.stream.ReferencePipeline.forEachWithCancel(ReferencePipeline.java:129)
at java.base/java.util.stream.AbstractPipeline.copyIntoWithCancel(AbstractPipeline.java:527)
at java.base/java.util.stream.AbstractPipeline.copyInto(AbstractPipeline.java:513)
at java.base/java.util.stream.AbstractPipeline.wrapAndCopyInto(AbstractPipeline.java:499)
at java.base/java.util.stream.FindOps$FindOp.evaluateSequential(FindOps.java:150)
at java.base/java.util.stream.AbstractPipeline.evaluate(AbstractPipeline.java:234)
at java.base/java.util.stream.ReferencePipeline.findFirst(ReferencePipeline.java:647)
at org.openqa.selenium.remote.ProtocolHandshake.createSession(ProtocolHandshake.java:128)
at org.openqa.selenium.remote.ProtocolHandshake.createSession(ProtocolHandshake.java:74)
at org.openqa.selenium.remote.HttpCommandExecutor.execute(HttpCommandExecutor.java:136)
at org.openqa.selenium.remote.service.DriverCommandExecutor.execute(DriverCommandExecutor.java:83)
at org.openqa.selenium.remote.RemoteWebDriver.execute(RemoteWebDriver.java:552)
at org.openqa.selenium.remote.RemoteWebDriver.startSession(RemoteWebDriver.java:213)
at org.openqa.selenium.remote.RemoteWebDriver.<init>(RemoteWebDriver.java:131)
at org.openqa.selenium.chrome.ChromeDriver.<init>(ChromeDriver.java:181)
at org.openqa.selenium.chrome.ChromeDriver.<init>(ChromeDriver.java:168)
at org.openqa.selenium.chrome.ChromeDriver.<init>(ChromeDriver.java:123)
at Browser.BrowserBaseClass.openChromeBrowser(BrowserBaseClass.java:12)
at Opencart_TestClass.VerificationOfApplication.launchBrowser(VerificationOfApplication.java:31)
... Removed 29 stack frames]]>
    </failure>
  </testcase> <!-- @BeforeTest launchBrowser -->
  <testcase classname="Opencart_TestClass.VerificationOfApplication" name="@BeforeClass objectOfPOMClass" time="-1.653639630302E9">
    <skipped/>
  </testcase> <!-- @BeforeClass objectOfPOMClass -->
  <testcase classname="Opencart_TestClass.VerificationOfApplication" name="@BeforeMethod loginApplication" time="-1.653639630319E9">
    <skipped/>
  </testcase> <!-- @BeforeMethod loginApplication -->
  <testcase classname="Opencart_TestClass.VerificationOfApplication" name="@AfterMethod htrFtyh" time="-1.65363963034E9">
    <skipped/>
  </testcase> <!-- @AfterMethod htrFtyh -->
  <testcase classname="Opencart_TestClass.VerificationOfApplication" name="verifyDesktopTab" time="0.0">
    <skipped/>
  </testcase> <!-- verifyDesktopTab -->
</testsuite> <!-- ChromeTest -->
