<?xml version="1.0" encoding="UTF-8"?>
<!-- Generated by org.testng.reporters.JUnitXMLReporter -->
<testsuite ignored="0" hostname="DESKTOP-RNJB7OP" failures="0" tests="2" name="FirefoxTest" time="58.796" errors="0" timestamp="2022-05-31T15:47:14 IST">
  <testcase classname="Opencart_TestClass.VerificationOfApplication" name="@BeforeMethod loginApplication" time="11.941">
    <failure type="org.openqa.selenium.NoSuchElementException" message="Unable to locate element: (//a[@href=&amp;apos;https://demo.opencart.com/index.php?route=account/account&amp;apos;])[1]
For documentation on this error, please visit: https://www.seleniumhq.org/exceptions/no_such_element.html
Build info: version: &amp;apos;3.141.59&amp;apos;, revision: &amp;apos;e82be7d358&amp;apos;, time: &amp;apos;2018-11-14T08:17:03&amp;apos;
System info: host: &amp;apos;DESKTOP-RNJB7OP&amp;apos;, ip: &amp;apos;192.168.43.36&amp;apos;, os.name: &amp;apos;Windows 11&amp;apos;, os.arch: &amp;apos;amd64&amp;apos;, os.version: &amp;apos;10.0&amp;apos;, java.version: &amp;apos;17.0.2&amp;apos;
Driver info: org.openqa.selenium.firefox.FirefoxDriver
Capabilities {acceptInsecureCerts: true, browserName: firefox, browserVersion: 100.0.2, javascriptEnabled: true, moz:accessibilityChecks: false, moz:buildID: 20220519220738, moz:geckodriverVersion: 0.31.0, moz:headless: false, moz:processID: 15016, moz:profile: C:\Users\gopsr\AppData\Loca..., moz:shutdownTimeout: 60000, moz:useNonSpecCompliantPointerOrigin: false, moz:webdriverClick: true, pageLoadStrategy: normal, platform: WINDOWS, platformName: WINDOWS, platformVersion: 10.0, proxy: Proxy(), setWindowRect: true, strictFileInteractability: false, timeouts: {implicit: 0, pageLoad: 300000, script: 30000}, unhandledPromptBehavior: dismiss and notify}
Session ID: 379fa863-7616-42d6-8ec0-65d161b1364b
*** Element info: {Using=xpath, value=(//a[@href=&amp;apos;https://demo.opencart.com/index.php?route=account/account&amp;apos;])[1]}">
      <![CDATA[org.openqa.selenium.NoSuchElementException: Unable to locate element: (//a[@href='https://demo.opencart.com/index.php?route=account/account'])[1]
For documentation on this error, please visit: https://www.seleniumhq.org/exceptions/no_such_element.html
Build info: version: '3.141.59', revision: 'e82be7d358', time: '2018-11-14T08:17:03'
System info: host: 'DESKTOP-RNJB7OP', ip: '192.168.43.36', os.name: 'Windows 11', os.arch: 'amd64', os.version: '10.0', java.version: '17.0.2'
Driver info: org.openqa.selenium.firefox.FirefoxDriver
Capabilities {acceptInsecureCerts: true, browserName: firefox, browserVersion: 100.0.2, javascriptEnabled: true, moz:accessibilityChecks: false, moz:buildID: 20220519220738, moz:geckodriverVersion: 0.31.0, moz:headless: false, moz:processID: 15016, moz:profile: C:\Users\gopsr\AppData\Loca..., moz:shutdownTimeout: 60000, moz:useNonSpecCompliantPointerOrigin: false, moz:webdriverClick: true, pageLoadStrategy: normal, platform: WINDOWS, platformName: WINDOWS, platformVersion: 10.0, proxy: Proxy(), setWindowRect: true, strictFileInteractability: false, timeouts: {implicit: 0, pageLoad: 300000, script: 30000}, unhandledPromptBehavior: dismiss and notify}
Session ID: 379fa863-7616-42d6-8ec0-65d161b1364b
*** Element info: {Using=xpath, value=(//a[@href='https://demo.opencart.com/index.php?route=account/account'])[1]}
at org.openqa.selenium.remote.http.W3CHttpResponseCodec.createException(W3CHttpResponseCodec.java:187)
at org.openqa.selenium.remote.http.W3CHttpResponseCodec.decode(W3CHttpResponseCodec.java:122)
at org.openqa.selenium.remote.http.W3CHttpResponseCodec.decode(W3CHttpResponseCodec.java:49)
at org.openqa.selenium.remote.HttpCommandExecutor.execute(HttpCommandExecutor.java:158)
at org.openqa.selenium.remote.service.DriverCommandExecutor.execute(DriverCommandExecutor.java:83)
at org.openqa.selenium.remote.RemoteWebDriver.execute(RemoteWebDriver.java:552)
at org.openqa.selenium.remote.RemoteWebDriver.findElement(RemoteWebDriver.java:323)
at org.openqa.selenium.remote.RemoteWebDriver.findElementByXPath(RemoteWebDriver.java:428)
at org.openqa.selenium.By$ByXPath.findElement(By.java:353)
at org.openqa.selenium.remote.RemoteWebDriver.findElement(RemoteWebDriver.java:315)
at org.openqa.selenium.support.pagefactory.DefaultElementLocator.findElement(DefaultElementLocator.java:69)
at org.openqa.selenium.support.pagefactory.internal.LocatingElementHandler.invoke(LocatingElementHandler.java:38)
at jdk.proxy2/jdk.proxy2.$Proxy15.click(Unknown Source)
at Opencart.PageClass.Login_OpenCart.clickOnAccount(Login_OpenCart.java:32)
at Opencart_TestClass.VerificationOfApplication.loginApplication(VerificationOfApplication.java:61)
at java.base/java.util.ArrayList.forEach(ArrayList.java:1511)
... Removed 36 stack frames]]>
    </failure>
  </testcase> <!-- @BeforeMethod loginApplication -->
  <testcase classname="Opencart_TestClass.VerificationOfApplication" name="@AfterMethod capture" time="-1.653992234778E9">
    <skipped/>
  </testcase> <!-- @AfterMethod capture -->
  <testcase classname="Opencart_TestClass.VerificationOfApplication" name="@BeforeMethod loginApplication" time="-1.653992234814E9">
    <skipped/>
  </testcase> <!-- @BeforeMethod loginApplication -->
  <testcase classname="Opencart_TestClass.VerificationOfApplication" name="@AfterMethod capture" time="-1.653992234822E9">
    <skipped/>
  </testcase> <!-- @AfterMethod capture -->
  <testcase classname="Opencart_TestClass.VerificationOfApplication" name="verifyDesktopTab" time="0.0">
    <skipped/>
  </testcase> <!-- verifyDesktopTab -->
  <testcase classname="Opencart_TestClass.VerificationOfApplication" name="verifyText" time="0.0">
    <skipped/>
  </testcase> <!-- verifyText -->
</testsuite> <!-- FirefoxTest -->
