<?xml version="1.0" encoding="UTF-8"?>
<!-- Generated by org.testng.reporters.JUnitXMLReporter -->
<testsuite ignored="0" hostname="DESKTOP-RNJB7OP" failures="0" tests="1" name="Default test" time="0.111" errors="0" timestamp="2022-05-27T14:57:30 IST">
  <testcase classname="Opencart_TestClass.VerificationOfApplication" name="@BeforeTest launchBrowser" time="-1.653643650472E9">
    <failure type="org.testng.TestNGException" message="
Parameter &amp;apos;browsername&amp;apos; is required by BeforeTest on method launchBrowser but has not been marked @Optional or defined
in C:\Users\gopsr\AppData\Local\Temp\testng-eclipse--104868708\testng-customsuite.xml">
      <![CDATA[org.testng.TestNGException: 
Parameter 'browsername' is required by BeforeTest on method launchBrowser but has not been marked @Optional or defined
in C:\Users\gopsr\AppData\Local\Temp\testng-eclipse--104868708\testng-customsuite.xml
at org.testng.internal.Parameters.createParams(Parameters.java:270)
at org.testng.internal.Parameters.createParametersForMethod(Parameters.java:358)
at org.testng.internal.Parameters.createParameters(Parameters.java:700)
at org.testng.internal.Parameters.createConfigurationParameters(Parameters.java:168)
at org.testng.internal.ConfigInvoker.invokeConfigurations(ConfigInvoker.java:302)
at org.testng.TestRunner.invokeTestConfigurations(TestRunner.java:637)
at org.testng.TestRunner.beforeRun(TestRunner.java:627)
at org.testng.TestRunner.run(TestRunner.java:589)
at org.testng.SuiteRunner.runTest(SuiteRunner.java:377)
at org.testng.SuiteRunner.runSequentially(SuiteRunner.java:371)
at org.testng.SuiteRunner.privateRun(SuiteRunner.java:332)
at org.testng.SuiteRunner.run(SuiteRunner.java:276)
at org.testng.SuiteRunnerWorker.runSuite(SuiteRunnerWorker.java:53)
at org.testng.SuiteRunnerWorker.run(SuiteRunnerWorker.java:96)
at org.testng.TestNG.runSuitesSequentially(TestNG.java:1212)
at org.testng.TestNG.runSuitesLocally(TestNG.java:1134)
at org.testng.TestNG.runSuites(TestNG.java:1063)
at org.testng.TestNG.run(TestNG.java:1031)
at org.testng.remote.AbstractRemoteTestNG.run(AbstractRemoteTestNG.java:115)
at org.testng.remote.RemoteTestNG.initAndRun(RemoteTestNG.java:251)
at org.testng.remote.RemoteTestNG.main(RemoteTestNG.java:77)
]]>
    </failure>
  </testcase> <!-- @BeforeTest launchBrowser -->
  <testcase classname="Opencart_TestClass.VerificationOfApplication" name="@BeforeClass objectOfPOMClass" time="-1.653643650522E9">
    <skipped/>
  </testcase> <!-- @BeforeClass objectOfPOMClass -->
  <testcase classname="Opencart_TestClass.VerificationOfApplication" name="@BeforeMethod loginApplication" time="-1.653643650545E9">
    <skipped/>
  </testcase> <!-- @BeforeMethod loginApplication -->
  <testcase classname="Opencart_TestClass.VerificationOfApplication" name="@AfterMethod capture" time="-1.653643650564E9">
    <skipped/>
  </testcase> <!-- @AfterMethod capture -->
  <testcase classname="Opencart_TestClass.VerificationOfApplication" name="verifyDesktopTab" time="0.0">
    <skipped/>
  </testcase> <!-- verifyDesktopTab -->
</testsuite> <!-- Default test -->
